<?xml version="1.0" encoding="UTF-8"?>
<testsuite xmlns:xsi="http://www.w3.org/2001/XMLSchema-instance" xsi:noNamespaceSchemaLocation="https://maven.apache.org/surefire/maven-surefire-plugin/xsd/surefire-test-report-3.0.xsd" version="3.0" name="LoginTest" time="0.217" tests="7" errors="0" skipped="0" failures="0">
  <properties>
[...]
</properties>
  <testcase name="testLoginUser_Success" classname="LoginTest" time="0.099"/>
  <testcase name="testCheckPasswordComplexity_Assertions" classname="LoginTest" time="0.006"/>
  <testcase name="testCheckUserName_Assertions" classname="LoginTest" time="0.002"/>
  <testcase name="testCheckUserName" classname="LoginTest" time="0.02"/>
  <testcase name="testCheckCellPhoneNumber_Valid" classname="LoginTest" time="0.002"/>
  <testcase name="testCheckPasswordComplexity_Valid" classname="LoginTest" time="0.002"/>
  <testcase name="testLoginUser_Failure" classname="LoginTest" time="0.001"/>
</testsuite>